
Showing logs for build [32mcb-kubecd-environment-pr-198-29-cbk2m-1[0m stage [32mfrom-build-pack[0m and container [32mstep-credential-initializer-jvqpl[0m
{"level":"warn","ts":1586501861.468599,"logger":"fallback-logger","caller":"logging/config.go:69","msg":"Fetch GitHub commit ID from kodata failed: \"ref: refs/heads/0.8.0-**-support-backwards-incompats\" is not a valid GitHub commit ID"}
{"level":"info","ts":1586501861.4693947,"logger":"fallback-logger","caller":"creds-init/main.go:40","msg":"Credentials initialized."}

Showing logs for build [32mcb-kubecd-environment-pr-198-29-cbk2m-1[0m stage [32mfrom-build-pack[0m and container [32mstep-working-dir-initializer-c6fhn[0m
{"level":"warn","ts":1586501862.468638,"logger":"fallback-logger","caller":"logging/config.go:69","msg":"Fetch GitHub commit ID from kodata failed: open /var/run/ko/HEAD: no such file or directory"}
{"level":"info","ts":1586501862.4709,"logger":"fallback-logger","caller":"bash/main.go:64","msg":"Successfully executed command \"sh -c mkdir -p /workspace/source\"; output "}

Showing logs for build [32mcb-kubecd-environment-pr-198-29-cbk2m-1[0m stage [32mfrom-build-pack[0m and container [32mstep-place-tools[0m

Showing logs for build [32mcb-kubecd-environment-pr-198-29-cbk2m-1[0m stage [32mfrom-build-pack[0m and container [32mstep-git-source-cb-kubecd-environment-pr-198-29-cbk2m-n5vpr[0m
{"level":"warn","ts":1586501867.5678205,"logger":"fallback-logger","caller":"logging/config.go:69","msg":"Fetch GitHub commit ID from kodata failed: \"ref: refs/heads/0.8.0-**-support-backwards-incompats\" is not a valid GitHub commit ID"}
{"level":"info","ts":1586501868.6207738,"logger":"fallback-logger","caller":"git/git.go:103","msg":"Successfully cloned https://github.com/cb-kubecd/environment-pr-198-29-boot-gke-staging.git @ master in path /workspace/source"}

Showing logs for build [32mcb-kubecd-environment-pr-198-29-cbk2m-1[0m stage [32mfrom-build-pack[0m and container [32mstep-git-merge[0m
Using SHAs from PULL_REFS=master:ce9bc950847bb22568e216d7079baf0aed186091,3:aadea39fa243056ddd66c6ef0023c11c9c0a7298
DEBUG: LC_ALL=C JX_LOG_LEVEL=error git fetch origin --unshallow aadea39fa243056ddd66c6ef0023c11c9c0a7298: ce9bc950847bb22568e216d7079baf0aed186091:
DEBUG: ran git fetch --unshallow origin aadea39fa243056ddd66c6ef0023c11c9c0a7298: ce9bc950847bb22568e216d7079baf0aed186091: in 
DEBUG: LC_ALL=C JX_LOG_LEVEL=error git branch
DEBUG: LC_ALL=C JX_LOG_LEVEL=error git checkout master
DEBUG: ran git checkout master in 
DEBUG: JX_LOG_LEVEL=error LC_ALL=C git reset --hard ce9bc950847bb22568e216d7079baf0aed186091
DEBUG: ran git reset --hard ce9bc950847bb22568e216d7079baf0aed186091 in 
DEBUG: LC_ALL=C JX_LOG_LEVEL=error git clean -fd .
DEBUG: ran clean --force -d . in 
DEBUG: LC_ALL=C JX_LOG_LEVEL=error git merge aadea39fa243056ddd66c6ef0023c11c9c0a7298
DEBUG: ran git merge aadea39fa243056ddd66c6ef0023c11c9c0a7298 in 
DEBUG: LC_ALL=C JX_LOG_LEVEL=error git log --format=%H%x1f%an%x1f%ae%x1f%cn%x1f%ce%x1f%s%n%b%x1e ce9bc950847bb22568e216d7079baf0aed186091..HEAD
Merged SHA aadea39fa243056ddd66c6ef0023c11c9c0a7298 with commit message 'chore: Promote bdd-sbhg-1586500845 to version 0.0.1' into base branch master

Showing logs for build [32mcb-kubecd-environment-pr-198-29-cbk2m-1[0m stage [32mfrom-build-pack[0m and container [32mstep-build-helm-build[0m
WARNING: No $CHART_REPOSITORY defined so using the default value of: http://jenkins-x-chartmuseum:8080
Adding missing Helm repo: storage.googleapis.com https://storage.googleapis.com/chartmuseum.jenkins-x.io
WARNING: No secrets found on "helm/repos" due: reading the secret "helm/repos" from vault: no secret "helm/repos" not found in vault
Read credentials for https://storage.googleapis.com/chartmuseum.jenkins-x.io from vault helm/repos
Successfully added Helm repository storage.googleapis.com.
Adding missing Helm repo: jenkins-x-chartmuseum http://jenkins-x-chartmuseum:8080
WARNING: No secrets found on "helm/repos" due: reading the secret "helm/repos" from vault: no secret "helm/repos" not found in vault
Read credentials for http://jenkins-x-chartmuseum:8080 from vault helm/repos
Successfully added Helm repository jenkins-x-chartmuseum.
WARNING: No $CHART_REPOSITORY defined so using the default value of: http://jenkins-x-chartmuseum:8080
Adding missing Helm repo: chartmuseum.jenkins-x.io http://chartmuseum.jenkins-x.io
WARNING: No secrets found on "helm/repos" due: reading the secret "helm/repos" from vault: no secret "helm/repos" not found in vault
Read credentials for http://chartmuseum.jenkins-x.io from vault helm/repos
Successfully added Helm repository chartmuseum.jenkins-x.io.
