
Showing logs for build [32mcb-kubecd-environment-pr-198-29-tzrh2-1[0m stage [32mfrom-build-pack[0m and container [32mstep-credential-initializer-wgvf8[0m
{"level":"warn","ts":1586503937.0527508,"logger":"fallback-logger","caller":"logging/config.go:69","msg":"Fetch GitHub commit ID from kodata failed: \"ref: refs/heads/0.8.0-**-support-backwards-incompats\" is not a valid GitHub commit ID"}
{"level":"info","ts":1586503937.0535321,"logger":"fallback-logger","caller":"creds-init/main.go:40","msg":"Credentials initialized."}

Showing logs for build [32mcb-kubecd-environment-pr-198-29-tzrh2-1[0m stage [32mfrom-build-pack[0m and container [32mstep-working-dir-initializer-6hw79[0m
{"level":"warn","ts":1586503938.472862,"logger":"fallback-logger","caller":"logging/config.go:69","msg":"Fetch GitHub commit ID from kodata failed: open /var/run/ko/HEAD: no such file or directory"}
{"level":"info","ts":1586503938.4745288,"logger":"fallback-logger","caller":"bash/main.go:64","msg":"Successfully executed command \"sh -c mkdir -p /workspace/source\"; output "}

Showing logs for build [32mcb-kubecd-environment-pr-198-29-tzrh2-1[0m stage [32mfrom-build-pack[0m and container [32mstep-place-tools[0m

Showing logs for build [32mcb-kubecd-environment-pr-198-29-tzrh2-1[0m stage [32mfrom-build-pack[0m and container [32mstep-git-source-cb-kubecd-environment-pr-198-29-tzrh2-78pfz[0m
{"level":"warn","ts":1586503943.5640335,"logger":"fallback-logger","caller":"logging/config.go:69","msg":"Fetch GitHub commit ID from kodata failed: \"ref: refs/heads/0.8.0-**-support-backwards-incompats\" is not a valid GitHub commit ID"}
{"level":"info","ts":1586503944.6375365,"logger":"fallback-logger","caller":"git/git.go:103","msg":"Successfully cloned https://github.com/cb-kubecd/environment-pr-198-29-boot-gke-staging.git @ master in path /workspace/source"}

Showing logs for build [32mcb-kubecd-environment-pr-198-29-tzrh2-1[0m stage [32mfrom-build-pack[0m and container [32mstep-git-merge[0m
Using SHAs from PULL_REFS=master:cb8680239f0b77626b96e424120f4c04eefe3319,6:6360309ad08515d945f9f0651ab8dabee9a4b99e
DEBUG: LC_ALL=C JX_LOG_LEVEL=error git fetch origin --unshallow 6360309ad08515d945f9f0651ab8dabee9a4b99e: cb8680239f0b77626b96e424120f4c04eefe3319:
DEBUG: ran git fetch --unshallow origin 6360309ad08515d945f9f0651ab8dabee9a4b99e: cb8680239f0b77626b96e424120f4c04eefe3319: in 
DEBUG: LC_ALL=C JX_LOG_LEVEL=error git branch
DEBUG: JX_LOG_LEVEL=error LC_ALL=C git checkout master
DEBUG: ran git checkout master in 
DEBUG: JX_LOG_LEVEL=error LC_ALL=C git reset --hard cb8680239f0b77626b96e424120f4c04eefe3319
DEBUG: ran git reset --hard cb8680239f0b77626b96e424120f4c04eefe3319 in 
DEBUG: LC_ALL=C JX_LOG_LEVEL=error git clean -fd .
DEBUG: ran clean --force -d . in 
DEBUG: LC_ALL=C JX_LOG_LEVEL=error git merge 6360309ad08515d945f9f0651ab8dabee9a4b99e
DEBUG: ran git merge 6360309ad08515d945f9f0651ab8dabee9a4b99e in 
DEBUG: JX_LOG_LEVEL=error LC_ALL=C git log --format=%H%x1f%an%x1f%ae%x1f%cn%x1f%ce%x1f%s%n%b%x1e cb8680239f0b77626b96e424120f4c04eefe3319..HEAD
Merged SHA 6360309ad08515d945f9f0651ab8dabee9a4b99e with commit message 'chore: Promote bdd-ghf**y-import-1586503198 to version 0.0.1' into base branch master

Showing logs for build [32mcb-kubecd-environment-pr-198-29-tzrh2-1[0m stage [32mfrom-build-pack[0m and container [32mstep-build-helm-build[0m
WARNING: No $CHART_REPOSITORY defined so using the default value of: http://jenkins-x-chartmuseum:8080
Adding missing Helm repo: storage.googleapis.com https://storage.googleapis.com/chartmuseum.jenkins-x.io
WARNING: No secrets found on "helm/repos" due: reading the secret "helm/repos" from vault: no secret "helm/repos" not found in vault
Read credentials for https://storage.googleapis.com/chartmuseum.jenkins-x.io from vault helm/repos
Successfully added Helm repository storage.googleapis.com.
Adding missing Helm repo: jenkins-x-chartmuseum http://jenkins-x-chartmuseum:8080
WARNING: No secrets found on "helm/repos" due: reading the secret "helm/repos" from vault: no secret "helm/repos" not found in vault
Read credentials for http://jenkins-x-chartmuseum:8080 from vault helm/repos
Successfully added Helm repository jenkins-x-chartmuseum.
WARNING: No $CHART_REPOSITORY defined so using the default value of: http://jenkins-x-chartmuseum:8080
Adding missing Helm repo: chartmuseum.jenkins-x.io http://chartmuseum.jenkins-x.io
WARNING: No secrets found on "helm/repos" due: reading the secret "helm/repos" from vault: no secret "helm/repos" not found in vault
Read credentials for http://chartmuseum.jenkins-x.io from vault helm/repos
Successfully added Helm repository chartmuseum.jenkins-x.io.
